Build started 27/11/2015 21:04:02.
     1>Project "C:\Users\Eoin\Dropbox\Programming Project\Restaurant\Restaurant\Restaurant.vcxproj" on node 2 (Build target(s)).
     1>C:\Program Files (x86)\MSBuild\Microsoft.Cpp\v4.0\V120\Microsoft.CppBuild.targets(388,5): warning MSB8028: The intermediate directory (Debug\) contains files shared from another project (Restaurant (Eoin Maguire's conflicted copy 2015-04-14).vcxproj).  This can lead to incorrect clean and rebuild behavior.
     1>ClCompile:
         C:\Program Files (x86)\Microsoft Visual Studio 12.0\VC\bin\CL.exe /c /ZI /nologo /W3 /WX- /sdl /Od /Oy- /D WIN32 /D _DEBUG /D _CONSOLE /D _LIB /D _CRT_SECURE_NO_WARNINGS /D _UNICODE /D UNICODE /Gm /EHsc /RTC1 /MDd /GS /fp:precise /Zc:wchar_t /Zc:forScope /Fo"Debug\\" /Fd"Debug\vc120.pdb" /Gd /TC /analyze- /errorReport:prompt bookings.c menu.c receipt.c
         receipt.c
         menu.c
     1>c:\users\eoin\dropbox\programming project\restaurant\restaurant\menu.c(88): warning C4047: '!=' : 'size_t' differs in levels of indirection from 'void *'
     1>c:\users\eoin\dropbox\programming project\restaurant\restaurant\menu.c(206): warning C4018: '<' : signed/unsigned mismatch
     1>c:\users\eoin\dropbox\programming project\restaurant\restaurant\menu.c(213): warning C4018: '<' : signed/unsigned mismatch
     1>c:\users\eoin\dropbox\programming project\restaurant\restaurant\menu.c(222): warning C4018: '<' : signed/unsigned mismatch
     1>c:\users\eoin\dropbox\programming project\restaurant\restaurant\menu.c(231): warning C4018: '<' : signed/unsigned mismatch
     1>c:\users\eoin\dropbox\programming project\restaurant\restaurant\menu.c(240): warning C4018: '<' : signed/unsigned mismatch
     1>c:\users\eoin\dropbox\programming project\restaurant\restaurant\menu.c(249): warning C4018: '<' : signed/unsigned mismatch
     1>c:\users\eoin\dropbox\programming project\restaurant\restaurant\menu.c(263): warning C4018: '<' : signed/unsigned mismatch
     1>c:\users\eoin\dropbox\programming project\restaurant\restaurant\menu.c(290): warning C4018: '<' : signed/unsigned mismatch
     1>c:\users\eoin\dropbox\programming project\restaurant\restaurant\menu.c(340): warning C4133: 'function' : incompatible types - from 'menudata *' to 'const char *'
     1>c:\users\eoin\dropbox\programming project\restaurant\restaurant\menu.c(325): warning C4101: 'temp' : unreferenced local variable
     1>c:\users\eoin\dropbox\programming project\restaurant\restaurant\menu.c(321): warning C4101: 'k' : unreferenced local variable
         bookings.c
     1>c:\users\eoin\dropbox\programming project\restaurant\restaurant\bookings.c(250): warning C4047: '==' : 'size_t' differs in levels of indirection from 'void *'
     1>c:\users\eoin\dropbox\programming project\restaurant\restaurant\bookings.c(288): warning C4047: '!=' : 'size_t' differs in levels of indirection from 'void *'
     1>c:\users\eoin\dropbox\programming project\restaurant\restaurant\bookings.c(275): warning C4101: 'tempDate' : unreferenced local variable
     1>c:\users\eoin\dropbox\programming project\restaurant\restaurant\bookings.c(315): warning C4047: '!=' : 'size_t' differs in levels of indirection from 'void *'
     1>c:\users\eoin\dropbox\programming project\restaurant\restaurant\bookings.c(355): warning C4047: '!=' : 'int' differs in levels of indirection from 'void *'
     1>c:\users\eoin\dropbox\programming project\restaurant\restaurant\bookings.c(376): warning C4047: '!=' : 'size_t' differs in levels of indirection from 'void *'
     1>c:\users\eoin\dropbox\programming project\restaurant\restaurant\bookings.c(562): warning C4172: returning address of local variable or temporary
         Generating Code...
     1>cl : Command line warning D9028: minimal rebuild failure, reverting to normal build
         C:\Program Files (x86)\Microsoft Visual Studio 12.0\VC\bin\CL.exe /c /ZI /nologo /W3 /WX- /sdl /Od /Oy- /D WIN32 /D _DEBUG /D _CONSOLE /D _LIB /D _CRT_SECURE_NO_WARNINGS /D _UNICODE /D UNICODE /Gm /EHsc /RTC1 /MDd /GS /fp:precise /Zc:wchar_t /Zc:forScope /Fo"Debug\\" /Fd"Debug\vc120.pdb" /Gd /TP /analyze- /errorReport:prompt stdafx.cpp
         Skipping... (no relevant changes detected)
         stdafx.cpp
       Link:
         C:\Program Files (x86)\Microsoft Visual Studio 12.0\VC\bin\link.exe /ERRORREPORT:PROMPT /OUT:"C:\Users\Eoin\Dropbox\Programming Project\Restaurant\Debug\Restaurant.exe" /INCREMENTAL /NOLOGO kernel32.lib user32.lib gdi32.lib winspool.lib comdlg32.lib advapi32.lib shell32.lib ole32.lib oleaut32.lib uuid.lib odbc32.lib odbccp32.lib /MANIFEST /MANIFESTUAC:"level='asInvoker' uiAccess='false'" /manifest:embed /DEBUG /PDB:"C:\Users\Eoin\Dropbox\Programming Project\Restaurant\Debug\Restaurant.pdb" /SUBSYSTEM:CONSOLE /TLBID:1 /DYNAMICBASE /NXCOMPAT /IMPLIB:"C:\Users\Eoin\Dropbox\Programming Project\Restaurant\Debug\Restaurant.lib" /MACHINE:X86 Debug\bookings.obj
         Debug\menu.obj
         Debug\order.obj
         Debug\OS.obj
         Debug\password.obj
         Debug\receipt.obj
         Debug\Restaurant.obj
         Debug\stdafx.obj
         Debug\tables.obj
         Restaurant.vcxproj -> C:\Users\Eoin\Dropbox\Programming Project\Restaurant\Debug\Restaurant.exe
     1>Done Building Project "C:\Users\Eoin\Dropbox\Programming Project\Restaurant\Restaurant\Restaurant.vcxproj" (Build target(s)).

Build succeeded.

Time Elapsed 00:00:02.36
