c:\users\joanna\desktop\programming project\restaurant\restaurant\debug\bookings.obj
c:\users\joanna\desktop\programming project\restaurant\restaurant\debug\os.obj
c:\users\joanna\desktop\programming project\restaurant\restaurant\debug\password.obj
c:\users\joanna\desktop\programming project\restaurant\restaurant\debug\tables.obj
c:\users\joanna\desktop\programming project\restaurant\restaurant\debug\vc110.pdb
c:\users\joanna\desktop\programming project\restaurant\restaurant\debug\menu.obj
c:\users\joanna\desktop\programming project\restaurant\restaurant\debug\restaurant.obj
c:\users\joanna\desktop\programming project\restaurant\restaurant\debug\receipt.obj
c:\users\joanna\desktop\programming project\restaurant\restaurant\debug\ordernew.obj
c:\users\joanna\desktop\programming project\restaurant\restaurant\debug\stdafx.obj
c:\users\joanna\dropbox\programming project\restaurant\restaurant\debug\bookings.obj
c:\users\joanna\dropbox\programming project\restaurant\restaurant\debug\menu.obj
c:\users\joanna\dropbox\programming project\restaurant\restaurant\debug\ordernew.obj
c:\users\joanna\dropbox\programming project\restaurant\restaurant\debug\os.obj
c:\users\joanna\dropbox\programming project\restaurant\restaurant\debug\password.obj
c:\users\joanna\dropbox\programming project\restaurant\restaurant\debug\receipt.obj
c:\users\joanna\dropbox\programming project\restaurant\restaurant\debug\restaurant.obj
c:\users\joanna\dropbox\programming project\restaurant\restaurant\debug\tables.obj
c:\users\joanna\dropbox\programming project\restaurant\restaurant\debug\vc110.pdb
c:\users\joanna\dropbox\programming project\restaurant\restaurant\debug\stdafx.obj
c:\users\joanna\desktop\programming project\restaurant\debug\restaurant.ilk
c:\users\joanna\desktop\programming project\restaurant\debug\restaurant.exe
c:\users\joanna\desktop\programming project\restaurant\debug\restaurant.pdb
c:\users\kate\desktop\uni\ct103\semester 2\programming project\restaurant\restaurant\debug\vc120.pdb
c:\users\eoin\dropbox\programming project\restaurant\restaurant\debug\vc120.pdb
c:\users\eoin\dropbox\programming project\restaurant\restaurant\debug\vc120.idb
c:\users\eoin\dropbox\programming project\restaurant\restaurant\debug\bookings.obj
c:\users\eoin\dropbox\programming project\restaurant\restaurant\debug\menu.obj
c:\users\eoin\dropbox\programming project\restaurant\restaurant\debug\ordernew.obj
c:\users\eoin\dropbox\programming project\restaurant\restaurant\debug\os.obj
c:\users\eoin\dropbox\programming project\restaurant\restaurant\debug\password.obj
c:\users\eoin\dropbox\programming project\restaurant\restaurant\debug\receipt.obj
c:\users\eoin\dropbox\programming project\restaurant\restaurant\debug\restaurant.obj
c:\users\eoin\dropbox\programming project\restaurant\restaurant\debug\stdafx.obj
c:\users\kate\desktop\uni\ct103\semester 2\programming project\restaurant\debug\restaurant.ilk
c:\users\kate\desktop\uni\ct103\semester 2\programming project\restaurant\debug\restaurant.exe
c:\users\kate\desktop\uni\ct103\semester 2\programming project\restaurant\debug\restaurant.pdb
c:\users\eoin\dropbox\programming project\restaurant\debug\restaurant.ilk
c:\users\eoin\dropbox\programming project\restaurant\debug\restaurant.exe
c:\users\eoin\dropbox\programming project\restaurant\debug\restaurant.pdb
c:\users\kate\dropbox\programming project\restaurant\restaurant\debug\bookings.obj
c:\users\kate\dropbox\programming project\restaurant\restaurant\debug\menu.obj
c:\users\kate\dropbox\programming project\restaurant\restaurant\debug\ordernew.obj
c:\users\kate\dropbox\programming project\restaurant\restaurant\debug\os.obj
c:\users\kate\dropbox\programming project\restaurant\restaurant\debug\password.obj
c:\users\kate\dropbox\programming project\restaurant\restaurant\debug\receipt.obj
c:\users\kate\dropbox\programming project\restaurant\restaurant\debug\restaurant.obj
c:\users\kate\dropbox\programming project\restaurant\restaurant\debug\stdafx.obj
c:\users\kate\dropbox\programming project\restaurant\restaurant\debug\tables.obj
c:\users\kate\dropbox\programming project\restaurant\restaurant\debug\cl.command.1.tlog
c:\users\kate\dropbox\programming project\restaurant\restaurant\debug\cl.read.1.tlog
c:\users\kate\dropbox\programming project\restaurant\restaurant\debug\cl.write.1.tlog
c:\users\kate\dropbox\programming project\restaurant\restaurant\debug\link-cvtres.read.1.tlog
c:\users\kate\dropbox\programming project\restaurant\restaurant\debug\link-cvtres.write.1.tlog
c:\users\kate\dropbox\programming project\restaurant\restaurant\debug\link-rc.read.1.tlog
c:\users\kate\dropbox\programming project\restaurant\restaurant\debug\link-rc.write.1.tlog
c:\users\kate\dropbox\programming project\restaurant\restaurant\debug\link.5272-cvtres.read.1.tlog
c:\users\kate\dropbox\programming project\restaurant\restaurant\debug\link.5272-cvtres.write.1.tlog
c:\users\kate\dropbox\programming project\restaurant\restaurant\debug\link.5272-rc.read.1.tlog
c:\users\kate\dropbox\programming project\restaurant\restaurant\debug\link.5272-rc.write.1.tlog
c:\users\kate\dropbox\programming project\restaurant\restaurant\debug\link.5272.read.1.tlog
c:\users\kate\dropbox\programming project\restaurant\restaurant\debug\link.5272.write.1.tlog
c:\users\kate\dropbox\programming project\restaurant\restaurant\debug\link.8200-cvtres.read.1.tlog
c:\users\kate\dropbox\programming project\restaurant\restaurant\debug\link.8200-cvtres.write.1.tlog
c:\users\kate\dropbox\programming project\restaurant\restaurant\debug\link.8200-rc.read.1.tlog
c:\users\kate\dropbox\programming project\restaurant\restaurant\debug\link.8200-rc.write.1.tlog
c:\users\kate\dropbox\programming project\restaurant\restaurant\debug\link.8200.read.1.tlog
c:\users\kate\dropbox\programming project\restaurant\restaurant\debug\link.8200.write.1.tlog
c:\users\kate\dropbox\programming project\restaurant\restaurant\debug\link.command.1.tlog
c:\users\kate\dropbox\programming project\restaurant\restaurant\debug\link.read.1.tlog
c:\users\kate\dropbox\programming project\restaurant\restaurant\debug\link.write.1.tlog
c:\users\kate\dropbox\programming project\restaurant\restaurant\debug\vc110.idb
c:\users\kate\dropbox\programming project\restaurant\restaurant\debug\vc120.idb
c:\users\kate\dropbox\programming project\restaurant\restaurant\debug\vc110.pdb
c:\users\kate\dropbox\programming project\restaurant\restaurant\debug\vc120.pdb
c:\users\kate\dropbox\programming project\restaurant\debug\restaurant.pdb
c:\users\kate\dropbox\programming project\restaurant\debug\restaurant.exe
c:\users\kate\dropbox\programming project\restaurant\debug\restaurant.ilk
c:\users\kate\dropbox\programming project\restaurant\restaurant\debug\restaurant.tlog\cl.command.1.tlog
c:\users\kate\dropbox\programming project\restaurant\restaurant\debug\restaurant.tlog\cl.read.1.tlog
c:\users\kate\dropbox\programming project\restaurant\restaurant\debug\restaurant.tlog\cl.write.1.tlog
c:\users\kate\dropbox\programming project\restaurant\restaurant\debug\restaurant.tlog\link.command.1.tlog
c:\users\kate\dropbox\programming project\restaurant\restaurant\debug\restaurant.tlog\link.read.1.tlog
c:\users\kate\dropbox\programming project\restaurant\restaurant\debug\restaurant.tlog\link.write.1.tlog
